<?xml version="1.0" encoding="UTF-8"?>
<!-- Generated by org.testng.reporters.JUnitReportReporter -->
<testsuite hostname="DESKTOP-2FNFCHB" failures="0" tests="1" name="com.titrate.testCases.TC_002_VerifyAddCamera" time="26.835" errors="0" timestamp="2024-06-25T11:29:02 IST" skipped="0">
  <testcase classname="com.titrate.testCases.TC_002_VerifyAddCamera" name="addCamera" time="26.835"/>
</testsuite> <!-- com.titrate.testCases.TC_002_VerifyAddCamera -->
