<?xml version="1.0" encoding="UTF-8"?>
<!-- Generated by org.testng.reporters.JUnitReportReporter -->
<testsuite hostname="DESKTOP-2FNFCHB" failures="0" tests="1" name="com.titrate.testCases.TC_019_VerifyAssignRole" time="4.170" errors="0" timestamp="2024-06-25T11:44:56 IST" skipped="0">
  <testcase classname="com.titrate.testCases.TC_019_VerifyAssignRole" name="assignRole" time="4.170"/>
</testsuite> <!-- com.titrate.testCases.TC_019_VerifyAssignRole -->
