<?xml version="1.0" encoding="UTF-8"?>
<!-- Generated by org.testng.reporters.JUnitReportReporter -->
<testsuite hostname="DESKTOP-2FNFCHB" failures="0" tests="1" name="com.titrate.testCases.TC_003_VerifyEditCamera" time="14.597" errors="0" timestamp="2024-06-28T15:18:20 IST" skipped="0">
  <testcase classname="com.titrate.testCases.TC_003_VerifyEditCamera" name="editCamera" time="14.597"/>
</testsuite> <!-- com.titrate.testCases.TC_003_VerifyEditCamera -->
