<?xml version="1.0" encoding="UTF-8"?>
<!-- Generated by org.testng.reporters.JUnitReportReporter -->
<testsuite hostname="DESKTOP-2FNFCHB" failures="0" tests="1" name="com.titrate.testCases.TC_018_VerifyDeleteProduct" time="4.793" errors="0" timestamp="2024-06-28T15:18:20 IST" skipped="0">
  <testcase classname="com.titrate.testCases.TC_018_VerifyDeleteProduct" name="deleteProduct" time="4.793"/>
</testsuite> <!-- com.titrate.testCases.TC_018_VerifyDeleteProduct -->
