<?xml version="1.0" encoding="UTF-8"?>
<!-- Generated by org.testng.reporters.JUnitReportReporter -->
<testsuite hostname="DESKTOP-2FNFCHB" failures="0" tests="1" name="com.titrate.testCases.TC_009_VerifyEditImprest" time="10.757" errors="0" timestamp="2024-06-21T17:19:36 IST" skipped="0">
  <testcase classname="com.titrate.testCases.TC_009_VerifyEditImprest" name="editImprest" time="10.757"/>
</testsuite> <!-- com.titrate.testCases.TC_009_VerifyEditImprest -->
